<?xml version="1.0" encoding="UTF-8"?>
<testng-results ignored="0" total="6" passed="6" failed="0" skipped="0">
  <reporter-output>
  </reporter-output>
  <suite started-at="2025-02-17T22:50:47 IST" name="TestNG Regression Suite" finished-at="2025-02-17T22:50:59 IST" duration-ms="12833">
    <groups>
    </groups>
    <test started-at="2025-02-17T22:50:47 IST" name="OpenCart Test" finished-at="2025-02-17T22:50:59 IST" duration-ms="12479">
      <class name="mytests.OpenCartTest">
        <test-method is-config="true" signature="setup(java.lang.String,java.lang.String)[pri:0, instance:mytests.OpenCartTest@3d285d7e]" started-at="2025-02-17T22:50:47 IST" name="setup" finished-at="2025-02-17T22:50:56 IST" duration-ms="9628" status="PASS">
          <params>
            <param index="0">
              <value>
                <![CDATA[https://naveenautomationlabs.com/opencart/index.php?route=account/login]]>
              </value>
            </param>
            <param index="1">
              <value>
                <![CDATA[chrome]]>
              </value>
            </param>
          </params>
          <reporter-output>
          </reporter-output>
        </test-method> <!-- setup -->
        <test-method signature="forgottenPasswordIsDisplayed()[pri:0, instance:mytests.OpenCartTest@3d285d7e]" started-at="2025-02-17T22:50:56 IST" name="forgottenPasswordIsDisplayed" finished-at="2025-02-17T22:50:56 IST" duration-ms="61" status="PASS">
          <reporter-output>
          </reporter-output>
        </test-method> <!-- forgottenPasswordIsDisplayed -->
        <test-method signature="titleTest()[pri:0, instance:mytests.OpenCartTest@3d285d7e]" started-at="2025-02-17T22:50:56 IST" name="titleTest" finished-at="2025-02-17T22:50:56 IST" duration-ms="6" status="PASS">
          <reporter-output>
          </reporter-output>
        </test-method> <!-- titleTest -->
        <test-method is-config="true" signature="tearDown()[pri:0, instance:mytests.OpenCartTest@3d285d7e]" started-at="2025-02-17T22:50:56 IST" name="tearDown" finished-at="2025-02-17T22:50:59 IST" duration-ms="2771" status="PASS">
          <reporter-output>
          </reporter-output>
        </test-method> <!-- tearDown -->
      </class> <!-- mytests.OpenCartTest -->
    </test> <!-- OpenCart Test -->
    <test started-at="2025-02-17T22:50:47 IST" name="OrangeHRM Test" finished-at="2025-02-17T22:50:59 IST" duration-ms="12563">
      <class name="mytests.OrangeHRMTest">
        <test-method is-config="true" signature="setup(java.lang.String,java.lang.String)[pri:0, instance:mytests.OrangeHRMTest@49438269]" started-at="2025-02-17T22:50:47 IST" name="setup" finished-at="2025-02-17T22:50:57 IST" duration-ms="10272" status="PASS">
          <params>
            <param index="0">
              <value>
                <![CDATA[https://www.orangehrm.com/en/30-day-free-trial]]>
              </value>
            </param>
            <param index="1">
              <value>
                <![CDATA[chrome]]>
              </value>
            </param>
          </params>
          <reporter-output>
          </reporter-output>
        </test-method> <!-- setup -->
        <test-method signature="titleTest()[pri:0, instance:mytests.OrangeHRMTest@49438269]" started-at="2025-02-17T22:50:57 IST" name="titleTest" finished-at="2025-02-17T22:50:57 IST" duration-ms="48" status="PASS">
          <reporter-output>
          </reporter-output>
        </test-method> <!-- titleTest -->
        <test-method signature="whyOrangeHRMIsDisplayed()[pri:0, instance:mytests.OrangeHRMTest@49438269]" started-at="2025-02-17T22:50:57 IST" name="whyOrangeHRMIsDisplayed" finished-at="2025-02-17T22:50:57 IST" duration-ms="43" status="PASS">
          <reporter-output>
          </reporter-output>
        </test-method> <!-- whyOrangeHRMIsDisplayed -->
        <test-method is-config="true" signature="tearDown()[pri:0, instance:mytests.OrangeHRMTest@49438269]" started-at="2025-02-17T22:50:57 IST" name="tearDown" finished-at="2025-02-17T22:50:59 IST" duration-ms="2188" status="PASS">
          <reporter-output>
          </reporter-output>
        </test-method> <!-- tearDown -->
      </class> <!-- mytests.OrangeHRMTest -->
    </test> <!-- OrangeHRM Test -->
    <test started-at="2025-02-17T22:50:47 IST" name="Google Test" finished-at="2025-02-17T22:50:59 IST" duration-ms="12833">
      <class name="mytests.GoogleTest">
        <test-method is-config="true" signature="setup(java.lang.String,java.lang.String)[pri:0, instance:mytests.GoogleTest@3754a4bf]" started-at="2025-02-17T22:50:47 IST" name="setup" finished-at="2025-02-17T22:50:52 IST" duration-ms="5903" status="PASS">
          <params>
            <param index="0">
              <value>
                <![CDATA[https://www.google.com]]>
              </value>
            </param>
            <param index="1">
              <value>
                <![CDATA[chrome]]>
              </value>
            </param>
          </params>
          <reporter-output>
          </reporter-output>
        </test-method> <!-- setup -->
        <test-method signature="currentUrlTest()[pri:0, instance:mytests.GoogleTest@3754a4bf]" started-at="2025-02-17T22:50:52 IST" name="currentUrlTest" finished-at="2025-02-17T22:50:53 IST" duration-ms="28" status="PASS">
          <reporter-output>
          </reporter-output>
        </test-method> <!-- currentUrlTest -->
        <test-method signature="titleTest()[pri:0, instance:mytests.GoogleTest@3754a4bf]" started-at="2025-02-17T22:50:53 IST" name="titleTest" finished-at="2025-02-17T22:50:53 IST" duration-ms="21" status="PASS">
          <reporter-output>
          </reporter-output>
        </test-method> <!-- titleTest -->
        <test-method is-config="true" signature="tearDown()[pri:0, instance:mytests.GoogleTest@3754a4bf]" started-at="2025-02-17T22:50:53 IST" name="tearDown" finished-at="2025-02-17T22:50:59 IST" duration-ms="6819" status="PASS">
          <reporter-output>
          </reporter-output>
        </test-method> <!-- tearDown -->
      </class> <!-- mytests.GoogleTest -->
    </test> <!-- Google Test -->
  </suite> <!-- TestNG Regression Suite -->
</testng-results>
